This file contains any messages produced by compilers while
running configure, to aid debugging if configure makes a mistake.

It was created by libusb configure 1.0.18, which was
generated by GNU Autoconf 2.69.  Invocation command line was

  $ ./configure --host=armv6-unknown-linux-gnueabi --disable-udev

## --------- ##
## Platform. ##
## --------- ##

hostname = moy-super
uname -m = x86_64
uname -r = 3.17.2-1-ARCH
uname -s = Linux
uname -v = #1 SMP PREEMPT Thu Oct 30 20:49:39 CET 2014

/usr/bin/uname -p = unknown
/bin/uname -X     = unknown

/bin/arch              = unknown
/usr/bin/arch -k       = unknown
/usr/convex/getsysinfo = unknown
/usr/bin/hostinfo      = unknown
/bin/machine           = unknown
/usr/bin/oslevel       = unknown
/bin/universe          = unknown

PATH: /home/alex/bin
PATH: /usr/local/sbin
PATH: /usr/local/bin
PATH: /usr/bin
PATH: /usr/lib/jvm/default/bin
PATH: /usr/bin/site_perl
PATH: /usr/bin/vendor_perl
PATH: /usr/bin/core_perl
PATH: /home/alex/
PATH: ./
PATH: /home/alex/Progs/android-sdk-linux/tools/
PATH: /home/alex/Progs/android-sdk-linux/platform-tools/
PATH: /home/alex/Progs/android-ndk
PATH: /home/alex/Progs/andr_tools/bin
PATH: /home/alex/bin/depot_tools
PATH: /home/alex/Progs/mingw-w64-x86_64/bin
PATH: /home/alex/Progs/mingw-w64-i686/bin
PATH: /home/alex/bin/depot_tools
PATH: /home/alex/Progs/mingw-w64-x86_64/bin
PATH: /home/alex/Progs/mingw-w64-i686/bin
PATH: /home/alex/Work/cross-tools/armv6-unknown-linux-gnueabi/bin/


## ----------- ##
## Core tests. ##
## ----------- ##

configure:2413: checking for a BSD-compatible install
configure:2481: result: /usr/bin/install -c
configure:2492: checking whether build environment is sane
configure:2542: result: yes
configure:2591: checking for armv6-unknown-linux-gnueabi-strip
configure:2607: found /home/alex/Work/cross-tools/armv6-unknown-linux-gnueabi/bin//armv6-unknown-linux-gnueabi-strip
configure:2618: result: armv6-unknown-linux-gnueabi-strip
configure:2683: checking for a thread-safe mkdir -p
configure:2722: result: /usr/bin/mkdir -p
configure:2735: checking for gawk
configure:2751: found /usr/bin/gawk
configure:2762: result: gawk
configure:2773: checking whether make sets $(MAKE)
configure:2795: result: yes
configure:2876: checking whether to enable maintainer-specific portions of Makefiles
configure:2885: result: no
configure:2914: checking whether make supports nested variables
configure:2931: result: yes
configure:2952: checking for armv6-unknown-linux-gnueabi-gcc
configure:2968: found /home/alex/Work/cross-tools/armv6-unknown-linux-gnueabi/bin//armv6-unknown-linux-gnueabi-gcc
configure:2979: result: armv6-unknown-linux-gnueabi-gcc
configure:3248: checking for C compiler version
configure:3257: armv6-unknown-linux-gnueabi-gcc --version >&5
armv6-unknown-linux-gnueabi-gcc (crosstool-NG 1.20.0) 4.9.1
Copyright (C) 2014 Free Software Foundation, Inc.
This is free software; see the source for copying conditions.  There is NO
warranty; not even for MERCHANTABILITY or FITNESS FOR A PARTICULAR PURPOSE.

configure:3268: $? = 0
configure:3257: armv6-unknown-linux-gnueabi-gcc -v >&5
Using built-in specs.
COLLECT_GCC=armv6-unknown-linux-gnueabi-gcc
COLLECT_LTO_WRAPPER=/home/alex/Work/cross-tools/armv6-unknown-linux-gnueabi/libexec/gcc/armv6-unknown-linux-gnueabi/4.9.1/lto-wrapper
Target: armv6-unknown-linux-gnueabi
Configured with: /home/alex/Work/OpenSource/CrossToolchanins/arm_working/.build/src/gcc-4.9.1/configure --build=x86_64-build_unknown-linux-gnu --host=x86_64-build_unknown-linux-gnu --target=armv6-unknown-linux-gnueabi --prefix=/home/alex/Work/cross-tools/armv6-unknown-linux-gnueabi --with-sysroot=/home/alex/Work/cross-tools/armv6-unknown-linux-gnueabi/armv6-unknown-linux-gnueabi/sysroot --enable-languages=c,c++ --with-arch=armv6 --with-pkgversion='crosstool-NG 1.20.0' --enable-__cxa_atexit --disable-libmudflap --disable-libgomp --disable-libssp --disable-libquadmath --disable-libquadmath-support --enable-libsanitizer --with-gmp=/home/alex/Work/OpenSource/CrossToolchanins/arm_working/.build/armv6-unknown-linux-gnueabi/buildtools --with-mpfr=/home/alex/Work/OpenSource/CrossToolchanins/arm_working/.build/armv6-unknown-linux-gnueabi/buildtools --with-mpc=/home/alex/Work/OpenSource/CrossToolchanins/arm_working/.build/armv6-unknown-linux-gnueabi/buildtools --with-isl=/home/alex/Work/OpenSource/CrossToolchanins/arm_working/.build/armv6-unknown-linux-gnueabi/buildtools --with-cloog=/home/alex/Work/OpenSource/CrossToolchanins/arm_working/.build/armv6-unknown-linux-gnueabi/buildtools --with-libelf=/home/alex/Work/OpenSource/CrossToolchanins/arm_working/.build/armv6-unknown-linux-gnueabi/buildtools --with-host-libstdcxx='-static-libgcc -Wl,-Bstatic,-lstdc++,-Bdynamic -lm' --enable-threads=posix --enable-target-optspace --disable-nls --with-local-prefix=/home/alex/Work/cross-tools/armv6-unknown-linux-gnueabi/armv6-unknown-linux-gnueabi/sysroot --enable-c99 --enable-long-long
Thread model: posix
gcc version 4.9.1 (crosstool-NG 1.20.0) 
configure:3268: $? = 0
configure:3257: armv6-unknown-linux-gnueabi-gcc -V >&5
armv6-unknown-linux-gnueabi-gcc: error: unrecognized command line option '-V'
armv6-unknown-linux-gnueabi-gcc: fatal error: no input files
compilation terminated.
configure:3268: $? = 1
configure:3257: armv6-unknown-linux-gnueabi-gcc -qversion >&5
armv6-unknown-linux-gnueabi-gcc: error: unrecognized command line option '-qversion'
armv6-unknown-linux-gnueabi-gcc: fatal error: no input files
compilation terminated.
configure:3268: $? = 1
configure:3288: checking whether the C compiler works
configure:3310: armv6-unknown-linux-gnueabi-gcc -march=armv6   conftest.c  >&5
configure:3314: $? = 0
configure:3362: result: yes
configure:3365: checking for C compiler default output file name
configure:3367: result: a.out
configure:3373: checking for suffix of executables
configure:3380: armv6-unknown-linux-gnueabi-gcc -o conftest -march=armv6   conftest.c  >&5
configure:3384: $? = 0
configure:3406: result: 
configure:3428: checking whether we are cross compiling
configure:3436: armv6-unknown-linux-gnueabi-gcc -o conftest -march=armv6   conftest.c  >&5
configure:3440: $? = 0
configure:3447: ./conftest
./configure: line 3449: ./conftest: cannot execute binary file: Exec format error
configure:3451: $? = 126
configure:3466: result: yes
configure:3471: checking for suffix of object files
configure:3493: armv6-unknown-linux-gnueabi-gcc -c -march=armv6  conftest.c >&5
configure:3497: $? = 0
configure:3518: result: o
configure:3522: checking whether we are using the GNU C compiler
configure:3541: armv6-unknown-linux-gnueabi-gcc -c -march=armv6  conftest.c >&5
configure:3541: $? = 0
configure:3550: result: yes
configure:3559: checking whether armv6-unknown-linux-gnueabi-gcc accepts -g
configure:3579: armv6-unknown-linux-gnueabi-gcc -c -g  conftest.c >&5
configure:3579: $? = 0
configure:3620: result: yes
configure:3637: checking for armv6-unknown-linux-gnueabi-gcc option to accept ISO C89
configure:3700: armv6-unknown-linux-gnueabi-gcc  -c -march=armv6  conftest.c >&5
configure:3700: $? = 0
configure:3713: result: none needed
configure:3744: checking for style of include used by make
configure:3772: result: GNU
configure:3798: checking dependency style of armv6-unknown-linux-gnueabi-gcc
configure:3909: result: gcc3
configure:3953: checking build system type
configure:3967: result: x86_64-unknown-linux-gnu
configure:3987: checking host system type
configure:4000: result: armv6-unknown-linux-gnueabi
configure:4041: checking how to print strings
configure:4068: result: printf
configure:4089: checking for a sed that does not truncate output
configure:4153: result: /usr/bin/sed
configure:4171: checking for grep that handles long lines and -e
configure:4229: result: /usr/bin/grep
configure:4234: checking for egrep
configure:4296: result: /usr/bin/grep -E
configure:4301: checking for fgrep
configure:4363: result: /usr/bin/grep -F
configure:4398: checking for ld used by armv6-unknown-linux-gnueabi-gcc
configure:4465: result: /home/alex/Work/cross-tools/armv6-unknown-linux-gnueabi/armv6-unknown-linux-gnueabi/bin/ld
configure:4472: checking if the linker (/home/alex/Work/cross-tools/armv6-unknown-linux-gnueabi/armv6-unknown-linux-gnueabi/bin/ld) is GNU ld
configure:4487: result: yes
configure:4499: checking for BSD- or MS-compatible name lister (nm)
configure:4548: result: /home/alex/Work/cross-tools/armv6-unknown-linux-gnueabi/bin//armv6-unknown-linux-gnueabi-nm -B
configure:4678: checking the name lister (/home/alex/Work/cross-tools/armv6-unknown-linux-gnueabi/bin//armv6-unknown-linux-gnueabi-nm -B) interface
configure:4685: armv6-unknown-linux-gnueabi-gcc -c -march=armv6  conftest.c >&5
configure:4688: /home/alex/Work/cross-tools/armv6-unknown-linux-gnueabi/bin//armv6-unknown-linux-gnueabi-nm -B "conftest.o"
configure:4691: output
00000000 B some_variable
configure:4698: result: BSD nm
configure:4701: checking whether ln -s works
configure:4705: result: yes
configure:4713: checking the maximum length of command line arguments
configure:4843: result: 1572864
configure:4860: checking whether the shell understands some XSI constructs
configure:4870: result: yes
configure:4874: checking whether the shell understands "+="
configure:4880: result: yes
configure:4915: checking how to convert x86_64-unknown-linux-gnu file names to armv6-unknown-linux-gnueabi format
configure:4955: result: func_convert_file_noop
configure:4962: checking how to convert x86_64-unknown-linux-gnu file names to toolchain format
configure:4982: result: func_convert_file_noop
configure:4989: checking for /home/alex/Work/cross-tools/armv6-unknown-linux-gnueabi/armv6-unknown-linux-gnueabi/bin/ld option to reload object files
configure:4996: result: -r
configure:5030: checking for armv6-unknown-linux-gnueabi-objdump
configure:5046: found /home/alex/Work/cross-tools/armv6-unknown-linux-gnueabi/bin//armv6-unknown-linux-gnueabi-objdump
configure:5057: result: armv6-unknown-linux-gnueabi-objdump
configure:5129: checking how to recognize dependent libraries
configure:5331: result: pass_all
configure:5376: checking for armv6-unknown-linux-gnueabi-dlltool
configure:5406: result: no
configure:5416: checking for dlltool
configure:5446: result: no
configure:5476: checking how to associate runtime and link libraries
configure:5503: result: printf %s\n
configure:5520: checking for armv6-unknown-linux-gnueabi-ar
configure:5536: found /home/alex/Work/cross-tools/armv6-unknown-linux-gnueabi/bin//armv6-unknown-linux-gnueabi-ar
configure:5547: result: armv6-unknown-linux-gnueabi-ar
configure:5628: checking for archiver @FILE support
configure:5645: armv6-unknown-linux-gnueabi-gcc -c -march=armv6  conftest.c >&5
configure:5645: $? = 0
configure:5648: armv6-unknown-linux-gnueabi-ar cru libconftest.a @conftest.lst >&5
configure:5651: $? = 0
configure:5656: armv6-unknown-linux-gnueabi-ar cru libconftest.a @conftest.lst >&5
armv6-unknown-linux-gnueabi-ar: conftest.o: No such file or directory
configure:5659: $? = 1
configure:5671: result: @
configure:5689: checking for armv6-unknown-linux-gnueabi-strip
configure:5716: result: armv6-unknown-linux-gnueabi-strip
configure:5788: checking for armv6-unknown-linux-gnueabi-ranlib
configure:5804: found /home/alex/Work/cross-tools/armv6-unknown-linux-gnueabi/bin//armv6-unknown-linux-gnueabi-ranlib
configure:5815: result: armv6-unknown-linux-gnueabi-ranlib
configure:5957: checking command to parse /home/alex/Work/cross-tools/armv6-unknown-linux-gnueabi/bin//armv6-unknown-linux-gnueabi-nm -B output from armv6-unknown-linux-gnueabi-gcc object
configure:6077: armv6-unknown-linux-gnueabi-gcc -c -march=armv6  conftest.c >&5
configure:6080: $? = 0
configure:6084: /home/alex/Work/cross-tools/armv6-unknown-linux-gnueabi/bin//armv6-unknown-linux-gnueabi-nm -B conftest.o \| sed -n -e 's/^.*[ ]\([ABCDGIRSTW][ABCDGIRSTW]*\)[ ][ ]*\([_A-Za-z][_A-Za-z0-9]*\)$/\1 \2 \2/p' | sed '/ __gnu_lto/d' \> conftest.nm
configure:6087: $? = 0
configure:6153: armv6-unknown-linux-gnueabi-gcc -o conftest -march=armv6   conftest.c conftstm.o >&5
configure:6156: $? = 0
configure:6194: result: ok
configure:6231: checking for sysroot
configure:6261: result: no
configure:6477: checking for armv6-unknown-linux-gnueabi-mt
configure:6507: result: no
configure:6517: checking for mt
configure:6547: result: no
configure:6567: checking if : is a manifest tool
configure:6573: : '-?'
configure:6581: result: no
configure:7223: checking how to run the C preprocessor
configure:7254: armv6-unknown-linux-gnueabi-gcc -E  conftest.c
configure:7254: $? = 0
configure:7268: armv6-unknown-linux-gnueabi-gcc -E  conftest.c
conftest.c:11:28: fatal error: ac_nonexistent.h: No such file or directory
 #include <ac_nonexistent.h>
                            ^
compilation terminated.
configure:7268: $? = 1
configure: failed program was:
| /* confdefs.h */
| #define PACKAGE_NAME "libusb"
| #define PACKAGE_TARNAME "libusb"
| #define PACKAGE_VERSION "1.0.18"
| #define PACKAGE_STRING "libusb 1.0.18"
| #define PACKAGE_BUGREPORT "libusb-devel@lists.sourceforge.net"
| #define PACKAGE_URL "http://libusb.info"
| #define PACKAGE "libusb"
| #define VERSION "1.0.18"
| /* end confdefs.h.  */
| #include <ac_nonexistent.h>
configure:7293: result: armv6-unknown-linux-gnueabi-gcc -E
configure:7313: armv6-unknown-linux-gnueabi-gcc -E  conftest.c
configure:7313: $? = 0
configure:7327: armv6-unknown-linux-gnueabi-gcc -E  conftest.c
conftest.c:11:28: fatal error: ac_nonexistent.h: No such file or directory
 #include <ac_nonexistent.h>
                            ^
compilation terminated.
configure:7327: $? = 1
configure: failed program was:
| /* confdefs.h */
| #define PACKAGE_NAME "libusb"
| #define PACKAGE_TARNAME "libusb"
| #define PACKAGE_VERSION "1.0.18"
| #define PACKAGE_STRING "libusb 1.0.18"
| #define PACKAGE_BUGREPORT "libusb-devel@lists.sourceforge.net"
| #define PACKAGE_URL "http://libusb.info"
| #define PACKAGE "libusb"
| #define VERSION "1.0.18"
| /* end confdefs.h.  */
| #include <ac_nonexistent.h>
configure:7356: checking for ANSI C header files
configure:7376: armv6-unknown-linux-gnueabi-gcc -c -march=armv6  conftest.c >&5
configure:7376: $? = 0
configure:7460: result: yes
configure:7473: checking for sys/types.h
configure:7473: armv6-unknown-linux-gnueabi-gcc -c -march=armv6  conftest.c >&5
configure:7473: $? = 0
configure:7473: result: yes
configure:7473: checking for sys/stat.h
configure:7473: armv6-unknown-linux-gnueabi-gcc -c -march=armv6  conftest.c >&5
configure:7473: $? = 0
configure:7473: result: yes
configure:7473: checking for stdlib.h
configure:7473: armv6-unknown-linux-gnueabi-gcc -c -march=armv6  conftest.c >&5
configure:7473: $? = 0
configure:7473: result: yes
configure:7473: checking for string.h
configure:7473: armv6-unknown-linux-gnueabi-gcc -c -march=armv6  conftest.c >&5
configure:7473: $? = 0
configure:7473: result: yes
configure:7473: checking for memory.h
configure:7473: armv6-unknown-linux-gnueabi-gcc -c -march=armv6  conftest.c >&5
configure:7473: $? = 0
configure:7473: result: yes
configure:7473: checking for strings.h
configure:7473: armv6-unknown-linux-gnueabi-gcc -c -march=armv6  conftest.c >&5
configure:7473: $? = 0
configure:7473: result: yes
configure:7473: checking for inttypes.h
configure:7473: armv6-unknown-linux-gnueabi-gcc -c -march=armv6  conftest.c >&5
configure:7473: $? = 0
configure:7473: result: yes
configure:7473: checking for stdint.h
configure:7473: armv6-unknown-linux-gnueabi-gcc -c -march=armv6  conftest.c >&5
configure:7473: $? = 0
configure:7473: result: yes
configure:7473: checking for unistd.h
configure:7473: armv6-unknown-linux-gnueabi-gcc -c -march=armv6  conftest.c >&5
configure:7473: $? = 0
configure:7473: result: yes
configure:7487: checking for dlfcn.h
configure:7487: armv6-unknown-linux-gnueabi-gcc -c -march=armv6  conftest.c >&5
configure:7487: $? = 0
configure:7487: result: yes
configure:7693: checking for objdir
configure:7708: result: .libs
configure:7975: checking if armv6-unknown-linux-gnueabi-gcc supports -fno-rtti -fno-exceptions
configure:7993: armv6-unknown-linux-gnueabi-gcc -c -march=armv6  -fno-rtti -fno-exceptions conftest.c >&5
cc1: warning: command line option '-fno-rtti' is valid for C++/ObjC++ but not for C
configure:7997: $? = 0
configure:8010: result: no
configure:8337: checking for armv6-unknown-linux-gnueabi-gcc option to produce PIC
configure:8344: result: -fPIC -DPIC
configure:8352: checking if armv6-unknown-linux-gnueabi-gcc PIC flag -fPIC -DPIC works
configure:8370: armv6-unknown-linux-gnueabi-gcc -c -march=armv6  -fPIC -DPIC -DPIC conftest.c >&5
configure:8374: $? = 0
configure:8387: result: yes
configure:8416: checking if armv6-unknown-linux-gnueabi-gcc static flag -static works
configure:8444: result: yes
configure:8459: checking if armv6-unknown-linux-gnueabi-gcc supports -c -o file.o
configure:8480: armv6-unknown-linux-gnueabi-gcc -c -march=armv6  -o out/conftest2.o conftest.c >&5
configure:8484: $? = 0
configure:8506: result: yes
configure:8514: checking if armv6-unknown-linux-gnueabi-gcc supports -c -o file.o
configure:8561: result: yes
configure:8594: checking whether the armv6-unknown-linux-gnueabi-gcc linker (/home/alex/Work/cross-tools/armv6-unknown-linux-gnueabi/armv6-unknown-linux-gnueabi/bin/ld) supports shared libraries
configure:9747: result: yes
configure:9784: checking whether -lc should be explicitly linked in
configure:9792: armv6-unknown-linux-gnueabi-gcc -c -march=armv6  conftest.c >&5
configure:9795: $? = 0
configure:9810: armv6-unknown-linux-gnueabi-gcc -shared  -fPIC -DPIC conftest.o  -v -Wl,-soname -Wl,conftest -o conftest 2\>\&1 \| /usr/bin/grep  -lc  \>/dev/null 2\>\&1
configure:9813: $? = 0
configure:9827: result: no
configure:9987: checking dynamic linker characteristics
configure:10498: armv6-unknown-linux-gnueabi-gcc -o conftest -march=armv6   -Wl,-rpath -Wl,/foo conftest.c  >&5
configure:10498: $? = 0
configure:10720: result: GNU/Linux ld.so
configure:10827: checking how to hardcode library paths into programs
configure:10852: result: immediate
configure:11392: checking whether stripping libraries is possible
configure:11397: result: yes
configure:11432: checking if libtool supports shared libraries
configure:11434: result: yes
configure:11437: checking whether to build shared libraries
configure:11458: result: yes
configure:11461: checking whether to build static libraries
configure:11465: result: yes
configure:11505: checking for armv6-unknown-linux-gnueabi-windres
configure:11535: result: no
configure:11545: checking for windres
configure:11575: result: no
configure:11679: checking for inline
configure:11695: armv6-unknown-linux-gnueabi-gcc -c -march=armv6  conftest.c >&5
configure:11695: $? = 0
configure:11703: result: inline
configure:11722: checking whether armv6-unknown-linux-gnueabi-gcc and cc understand -c and -o together
configure:11753: armv6-unknown-linux-gnueabi-gcc -c conftest.c -o conftest2.o >&5
configure:11757: $? = 0
configure:11763: armv6-unknown-linux-gnueabi-gcc -c conftest.c -o conftest2.o >&5
configure:11767: $? = 0
configure:11778: cc -c conftest.c >&5
configure:11782: $? = 0
configure:11790: cc -c conftest.c -o conftest2.o >&5
configure:11794: $? = 0
configure:11800: cc -c conftest.c -o conftest2.o >&5
configure:11804: $? = 0
configure:11822: result: yes
configure:11853: checking operating system
configure:11868: result: Linux
configure:11915: checking for library containing clock_gettime
configure:11946: armv6-unknown-linux-gnueabi-gcc -o conftest -march=armv6   conftest.c  >&5
configure:11946: $? = 0
configure:11963: result: none required
configure:12048: checking asm/types.h usability
configure:12048: armv6-unknown-linux-gnueabi-gcc -c -march=armv6  conftest.c >&5
configure:12048: $? = 0
configure:12048: result: yes
configure:12048: checking asm/types.h presence
configure:12048: armv6-unknown-linux-gnueabi-gcc -E  conftest.c
configure:12048: $? = 0
configure:12048: result: yes
configure:12048: checking for asm/types.h
configure:12048: result: yes
configure:12048: checking sys/socket.h usability
configure:12048: armv6-unknown-linux-gnueabi-gcc -c -march=armv6  conftest.c >&5
configure:12048: $? = 0
configure:12048: result: yes
configure:12048: checking sys/socket.h presence
configure:12048: armv6-unknown-linux-gnueabi-gcc -E  conftest.c
configure:12048: $? = 0
configure:12048: result: yes
configure:12048: checking for sys/socket.h
configure:12048: result: yes
configure:12061: checking for linux/netlink.h
configure:12061: armv6-unknown-linux-gnueabi-gcc -c -march=armv6  conftest.c >&5
configure:12061: $? = 0
configure:12061: result: yes
configure:12061: checking for linux/filter.h
configure:12061: armv6-unknown-linux-gnueabi-gcc -c -march=armv6  conftest.c >&5
configure:12061: $? = 0
configure:12061: result: yes
configure:12099: checking poll.h usability
configure:12099: armv6-unknown-linux-gnueabi-gcc -c -march=armv6  conftest.c >&5
configure:12099: $? = 0
configure:12099: result: yes
configure:12099: checking poll.h presence
configure:12099: armv6-unknown-linux-gnueabi-gcc -E  conftest.c
configure:12099: $? = 0
configure:12099: result: yes
configure:12099: checking for poll.h
configure:12099: result: yes
configure:12277: checking sys/timerfd.h usability
configure:12277: armv6-unknown-linux-gnueabi-gcc -c -march=armv6  conftest.c >&5
configure:12277: $? = 0
configure:12277: result: yes
configure:12277: checking sys/timerfd.h presence
configure:12277: armv6-unknown-linux-gnueabi-gcc -E  conftest.c
configure:12277: $? = 0
configure:12277: result: yes
configure:12277: checking for sys/timerfd.h
configure:12277: result: yes
configure:12297: checking whether TFD_NONBLOCK is declared
configure:12297: armv6-unknown-linux-gnueabi-gcc -c -march=armv6  conftest.c >&5
configure:12297: $? = 0
configure:12297: result: yes
configure:12309: checking whether to use timerfd for timing
configure:12316: result: yes
configure:12327: checking for struct timespec
configure:12327: armv6-unknown-linux-gnueabi-gcc -c -march=armv6  conftest.c >&5
configure:12327: $? = 0
configure:12327: armv6-unknown-linux-gnueabi-gcc -c -march=armv6  conftest.c >&5
conftest.c: In function 'main':
conftest.c:69:30: error: expected expression before ')' token
 if (sizeof ((struct timespec)))
                              ^
configure:12327: $? = 1
configure: failed program was:
| /* confdefs.h */
| #define PACKAGE_NAME "libusb"
| #define PACKAGE_TARNAME "libusb"
| #define PACKAGE_VERSION "1.0.18"
| #define PACKAGE_STRING "libusb 1.0.18"
| #define PACKAGE_BUGREPORT "libusb-devel@lists.sourceforge.net"
| #define PACKAGE_URL "http://libusb.info"
| #define PACKAGE "libusb"
| #define VERSION "1.0.18"
| #define STDC_HEADERS 1
| #define HAVE_SYS_TYPES_H 1
| #define HAVE_SYS_STAT_H 1
| #define HAVE_STDLIB_H 1
| #define HAVE_STRING_H 1
| #define HAVE_MEMORY_H 1
| #define HAVE_STRINGS_H 1
| #define HAVE_INTTYPES_H 1
| #define HAVE_STDINT_H 1
| #define HAVE_UNISTD_H 1
| #define HAVE_DLFCN_H 1
| #define LT_OBJDIR ".libs/"
| #define _GNU_SOURCE 1
| #define OS_LINUX 1
| #define HAVE_ASM_TYPES_H 1
| #define HAVE_SYS_SOCKET_H 1
| #define HAVE_LINUX_NETLINK_H 1
| #define HAVE_LINUX_FILTER_H 1
| #define HAVE_POLL_H 1
| #define POLL_NFDS_TYPE nfds_t
| #define THREADS_POSIX 1
| #define USBI_TIMERFD_AVAILABLE 1
| /* end confdefs.h.  */
| #include <stdio.h>
| #ifdef HAVE_SYS_TYPES_H
| # include <sys/types.h>
| #endif
| #ifdef HAVE_SYS_STAT_H
| # include <sys/stat.h>
| #endif
| #ifdef STDC_HEADERS
| # include <stdlib.h>
| # include <stddef.h>
| #else
| # ifdef HAVE_STDLIB_H
| #  include <stdlib.h>
| # endif
| #endif
| #ifdef HAVE_STRING_H
| # if !defined STDC_HEADERS && defined HAVE_MEMORY_H
| #  include <memory.h>
| # endif
| # include <string.h>
| #endif
| #ifdef HAVE_STRINGS_H
| # include <strings.h>
| #endif
| #ifdef HAVE_INTTYPES_H
| # include <inttypes.h>
| #endif
| #ifdef HAVE_STDINT_H
| # include <stdint.h>
| #endif
| #ifdef HAVE_UNISTD_H
| # include <unistd.h>
| #endif
| int
| main ()
| {
| if (sizeof ((struct timespec)))
| 	    return 0;
|   ;
|   return 0;
| }
configure:12327: result: yes
configure:12381: checking syslog.h usability
configure:12381: armv6-unknown-linux-gnueabi-gcc -c -march=armv6  conftest.c >&5
configure:12381: $? = 0
configure:12381: result: yes
configure:12381: checking syslog.h presence
configure:12381: armv6-unknown-linux-gnueabi-gcc -E  conftest.c
configure:12381: $? = 0
configure:12381: result: yes
configure:12381: checking for syslog.h
configure:12381: result: yes
configure:12391: checking for syslog
configure:12391: armv6-unknown-linux-gnueabi-gcc -o conftest -march=armv6   conftest.c  -pthread >&5
configure:12391: $? = 0
configure:12391: result: yes
configure:12453: armv6-unknown-linux-gnueabi-gcc -c -march=armv6 -Werror -fvisibility=hidden  conftest.c >&5
configure:12453: $? = 0
configure:12481: armv6-unknown-linux-gnueabi-gcc -c -march=armv6 -Wno-pointer-sign  conftest.c >&5
configure:12481: $? = 0
configure:12490: checking for sigaction
configure:12490: armv6-unknown-linux-gnueabi-gcc -o conftest -march=armv6   conftest.c  -pthread >&5
configure:12490: $? = 0
configure:12490: result: yes
configure:12509: checking sys/time.h usability
configure:12509: armv6-unknown-linux-gnueabi-gcc -c -march=armv6  conftest.c >&5
configure:12509: $? = 0
configure:12509: result: yes
configure:12509: checking sys/time.h presence
configure:12509: armv6-unknown-linux-gnueabi-gcc -E  conftest.c
configure:12509: $? = 0
configure:12509: result: yes
configure:12509: checking for sys/time.h
configure:12509: result: yes
configure:12521: checking for gettimeofday
configure:12521: armv6-unknown-linux-gnueabi-gcc -o conftest -march=armv6   conftest.c  -pthread >&5
configure:12521: $? = 0
configure:12521: result: yes
configure:12532: checking signal.h usability
configure:12532: armv6-unknown-linux-gnueabi-gcc -c -march=armv6  conftest.c >&5
configure:12532: $? = 0
configure:12532: result: yes
configure:12532: checking signal.h presence
configure:12532: armv6-unknown-linux-gnueabi-gcc -E  conftest.c
configure:12532: $? = 0
configure:12532: result: yes
configure:12532: checking for signal.h
configure:12532: result: yes
configure:12740: creating ./config.status

## ---------------------- ##
## Running config.status. ##
## ---------------------- ##

This file was extended by libusb config.status 1.0.18, which was
generated by GNU Autoconf 2.69.  Invocation command line was

  CONFIG_FILES    = 
  CONFIG_HEADERS  = 
  CONFIG_LINKS    = 
  CONFIG_COMMANDS = 
  $ ./config.status 

on moy-super

config.status:1180: creating libusb-1.0.pc
config.status:1180: creating Makefile
config.status:1180: creating libusb/Makefile
config.status:1180: creating examples/Makefile
config.status:1180: creating tests/Makefile
config.status:1180: creating doc/Makefile
config.status:1180: creating doc/doxygen.cfg
config.status:1180: creating config.h
config.status:1361: config.h is unchanged
config.status:1409: executing depfiles commands
config.status:1409: executing libtool commands

## ---------------- ##
## Cache variables. ##
## ---------------- ##

ac_cv_build=x86_64-unknown-linux-gnu
ac_cv_c_compiler_gnu=yes
ac_cv_c_inline=inline
ac_cv_env_CC_set=
ac_cv_env_CC_value=
ac_cv_env_CFLAGS_set=set
ac_cv_env_CFLAGS_value=-march=armv6
ac_cv_env_CPPFLAGS_set=
ac_cv_env_CPPFLAGS_value=
ac_cv_env_CPP_set=
ac_cv_env_CPP_value=
ac_cv_env_LDFLAGS_set=
ac_cv_env_LDFLAGS_value=
ac_cv_env_LIBS_set=
ac_cv_env_LIBS_value=
ac_cv_env_build_alias_set=
ac_cv_env_build_alias_value=
ac_cv_env_host_alias_set=set
ac_cv_env_host_alias_value=armv6-unknown-linux-gnueabi
ac_cv_env_target_alias_set=
ac_cv_env_target_alias_value=
ac_cv_func_gettimeofday=yes
ac_cv_func_sigaction=yes
ac_cv_func_syslog=yes
ac_cv_have_decl_TFD_NONBLOCK=yes
ac_cv_header_asm_types_h=yes
ac_cv_header_dlfcn_h=yes
ac_cv_header_inttypes_h=yes
ac_cv_header_linux_filter_h=yes
ac_cv_header_linux_netlink_h=yes
ac_cv_header_memory_h=yes
ac_cv_header_poll_h=yes
ac_cv_header_signal_h=yes
ac_cv_header_stdc=yes
ac_cv_header_stdint_h=yes
ac_cv_header_stdlib_h=yes
ac_cv_header_string_h=yes
ac_cv_header_strings_h=yes
ac_cv_header_sys_socket_h=yes
ac_cv_header_sys_stat_h=yes
ac_cv_header_sys_time_h=yes
ac_cv_header_sys_timerfd_h=yes
ac_cv_header_sys_types_h=yes
ac_cv_header_syslog_h=yes
ac_cv_header_unistd_h=yes
ac_cv_host=armv6-unknown-linux-gnueabi
ac_cv_objext=o
ac_cv_path_EGREP='/usr/bin/grep -E'
ac_cv_path_FGREP='/usr/bin/grep -F'
ac_cv_path_GREP=/usr/bin/grep
ac_cv_path_SED=/usr/bin/sed
ac_cv_path_install='/usr/bin/install -c'
ac_cv_path_mkdir=/usr/bin/mkdir
ac_cv_prog_AR=armv6-unknown-linux-gnueabi-ar
ac_cv_prog_AWK=gawk
ac_cv_prog_CC=armv6-unknown-linux-gnueabi-gcc
ac_cv_prog_CPP='armv6-unknown-linux-gnueabi-gcc -E'
ac_cv_prog_OBJDUMP=armv6-unknown-linux-gnueabi-objdump
ac_cv_prog_RANLIB=armv6-unknown-linux-gnueabi-ranlib
ac_cv_prog_STRIP=armv6-unknown-linux-gnueabi-strip
ac_cv_prog_cc_armv6_unknown_linux_gnueabi_gcc_c_o=yes
ac_cv_prog_cc_c89=
ac_cv_prog_cc_g=yes
ac_cv_prog_make_make_set=yes
ac_cv_search_clock_gettime='none required'
ac_cv_type_struct_timespec=yes
am_cv_CC_dependencies_compiler_type=gcc3
am_cv_make_support_nested_variables=yes
lt_cv_ar_at_file=@
lt_cv_archive_cmds_need_lc=no
lt_cv_deplibs_check_method=pass_all
lt_cv_file_magic_cmd='$MAGIC_CMD'
lt_cv_file_magic_test_file=
lt_cv_ld_reload_flag=-r
lt_cv_nm_interface='BSD nm'
lt_cv_objdir=.libs
lt_cv_path_LD=/home/alex/Work/cross-tools/armv6-unknown-linux-gnueabi/armv6-unknown-linux-gnueabi/bin/ld
lt_cv_path_NM='/home/alex/Work/cross-tools/armv6-unknown-linux-gnueabi/bin//armv6-unknown-linux-gnueabi-nm -B'
lt_cv_path_mainfest_tool=no
lt_cv_prog_compiler_c_o=yes
lt_cv_prog_compiler_c_o_RC=yes
lt_cv_prog_compiler_pic='-fPIC -DPIC'
lt_cv_prog_compiler_pic_works=yes
lt_cv_prog_compiler_rtti_exceptions=no
lt_cv_prog_compiler_static_works=yes
lt_cv_prog_gnu_ld=yes
lt_cv_sharedlib_from_linklib_cmd='printf %s\n'
lt_cv_shlibpath_overrides_runpath=no
lt_cv_sys_global_symbol_pipe='sed -n -e '\''s/^.*[	 ]\([ABCDGIRSTW][ABCDGIRSTW]*\)[	 ][	 ]*\([_A-Za-z][_A-Za-z0-9]*\)$/\1 \2 \2/p'\'' | sed '\''/ __gnu_lto/d'\'''
lt_cv_sys_global_symbol_to_c_name_address='sed -n -e '\''s/^: \([^ ]*\)[ ]*$/  {\"\1\", (void *) 0},/p'\'' -e '\''s/^[ABCDGIRSTW]* \([^ ]*\) \([^ ]*\)$/  {"\2", (void *) \&\2},/p'\'''
lt_cv_sys_global_symbol_to_c_name_address_lib_prefix='sed -n -e '\''s/^: \([^ ]*\)[ ]*$/  {\"\1\", (void *) 0},/p'\'' -e '\''s/^[ABCDGIRSTW]* \([^ ]*\) \(lib[^ ]*\)$/  {"\2", (void *) \&\2},/p'\'' -e '\''s/^[ABCDGIRSTW]* \([^ ]*\) \([^ ]*\)$/  {"lib\2", (void *) \&\2},/p'\'''
lt_cv_sys_global_symbol_to_cdecl='sed -n -e '\''s/^T .* \(.*\)$/extern int \1();/p'\'' -e '\''s/^[ABCDGIRSTW]* .* \(.*\)$/extern char \1;/p'\'''
lt_cv_sys_max_cmd_len=1572864
lt_cv_to_host_file_cmd=func_convert_file_noop
lt_cv_to_tool_file_cmd=func_convert_file_noop

## ----------------- ##
## Output variables. ##
## ----------------- ##

ACLOCAL='${SHELL} /home/alex/Work/OpenSource/jlibusb/libusb-1.0.18_hacked/missing --run aclocal-1.11'
AMDEPBACKSLASH='\'
AMDEP_FALSE='#'
AMDEP_TRUE=''
AMTAR='$${TAR-tar}'
AM_BACKSLASH='\'
AM_CFLAGS=' -std=gnu99 -Wall -Wundef -Wunused -Wstrict-prototypes -Werror-implicit-function-declaration -Wno-pointer-sign -Wshadow -pthread -fvisibility=hidden'
AM_DEFAULT_V='$(AM_DEFAULT_VERBOSITY)'
AM_DEFAULT_VERBOSITY='0'
AM_V='$(V)'
AR='armv6-unknown-linux-gnueabi-ar'
AUTOCONF='${SHELL} /home/alex/Work/OpenSource/jlibusb/libusb-1.0.18_hacked/missing --run autoconf'
AUTOHEADER='${SHELL} /home/alex/Work/OpenSource/jlibusb/libusb-1.0.18_hacked/missing --run autoheader'
AUTOMAKE='${SHELL} /home/alex/Work/OpenSource/jlibusb/libusb-1.0.18_hacked/missing --run automake-1.11'
AWK='gawk'
BUILD_EXAMPLES_FALSE=''
BUILD_EXAMPLES_TRUE='#'
BUILD_TESTS_FALSE=''
BUILD_TESTS_TRUE='#'
CC='armv6-unknown-linux-gnueabi-gcc'
CCDEPMODE='depmode=gcc3'
CFLAGS='-march=armv6'
CPP='armv6-unknown-linux-gnueabi-gcc -E'
CPPFLAGS=''
CREATE_IMPORT_LIB_FALSE=''
CREATE_IMPORT_LIB_TRUE='#'
CYGPATH_W='echo'
DEFS='-DHAVE_CONFIG_H'
DEPDIR='.deps'
DLLTOOL='false'
DSYMUTIL=''
DUMPBIN=''
ECHO_C=''
ECHO_N='-n'
ECHO_T=''
EGREP='/usr/bin/grep -E'
EXEEXT=''
FGREP='/usr/bin/grep -F'
GREP='/usr/bin/grep'
HAVE_SIGACTION_FALSE='#'
HAVE_SIGACTION_TRUE=''
INSTALL_DATA='${INSTALL} -m 644'
INSTALL_PROGRAM='${INSTALL}'
INSTALL_SCRIPT='${INSTALL}'
INSTALL_STRIP_PROGRAM='$(install_sh) -c -s'
LD='/home/alex/Work/cross-tools/armv6-unknown-linux-gnueabi/armv6-unknown-linux-gnueabi/bin/ld'
LDFLAGS=''
LIBOBJS=''
LIBS=' -pthread'
LIBTOOL='$(SHELL) $(top_builddir)/libtool'
LIPO=''
LN_S='ln -s'
LTLDFLAGS='-version-info 1:0:1 -no-undefined'
LTLIBOBJS=''
MAINT='#'
MAINTAINER_MODE_FALSE=''
MAINTAINER_MODE_TRUE='#'
MAKEINFO='${SHELL} /home/alex/Work/OpenSource/jlibusb/libusb-1.0.18_hacked/missing --run makeinfo'
MANIFEST_TOOL=':'
MKDIR_P='/usr/bin/mkdir -p'
NM='/home/alex/Work/cross-tools/armv6-unknown-linux-gnueabi/bin//armv6-unknown-linux-gnueabi-nm -B'
NMEDIT=''
OBJDUMP='armv6-unknown-linux-gnueabi-objdump'
OBJEXT='o'
OS_DARWIN=''
OS_DARWIN_FALSE=''
OS_DARWIN_TRUE='#'
OS_LINUX=''
OS_LINUX_FALSE='#'
OS_LINUX_TRUE=''
OS_NETBSD=''
OS_NETBSD_FALSE=''
OS_NETBSD_TRUE='#'
OS_OPENBSD=''
OS_OPENBSD_FALSE=''
OS_OPENBSD_TRUE='#'
OS_WINDOWS=''
OS_WINDOWS_FALSE=''
OS_WINDOWS_TRUE='#'
OTOOL64=''
OTOOL=''
PACKAGE='libusb'
PACKAGE_BUGREPORT='libusb-devel@lists.sourceforge.net'
PACKAGE_NAME='libusb'
PACKAGE_STRING='libusb 1.0.18'
PACKAGE_TARNAME='libusb'
PACKAGE_URL='http://libusb.info'
PACKAGE_VERSION='1.0.18'
PATH_SEPARATOR=':'
RANLIB='armv6-unknown-linux-gnueabi-ranlib'
RC=''
SED='/usr/bin/sed'
SET_MAKE=''
SHELL='/bin/sh'
STRIP='armv6-unknown-linux-gnueabi-strip'
THREADS_POSIX_FALSE='#'
THREADS_POSIX_TRUE=''
USE_UDEV=''
USE_UDEV_FALSE=''
USE_UDEV_TRUE='#'
VERSION='1.0.18'
ac_ct_AR=''
ac_ct_CC=''
ac_ct_DUMPBIN=''
am__EXEEXT_FALSE=''
am__EXEEXT_TRUE='#'
am__fastdepCC_FALSE='#'
am__fastdepCC_TRUE=''
am__include='include'
am__isrc=''
am__leading_dot='.'
am__nodep='_no'
am__quote=''
am__tar='$${TAR-tar} chof - "$$tardir"'
am__untar='$${TAR-tar} xf -'
bindir='${exec_prefix}/bin'
build='x86_64-unknown-linux-gnu'
build_alias=''
build_cpu='x86_64'
build_os='linux-gnu'
build_vendor='unknown'
datadir='${datarootdir}'
datarootdir='${prefix}/share'
docdir='${datarootdir}/doc/${PACKAGE_TARNAME}'
dvidir='${docdir}'
exec_prefix='${prefix}'
host='armv6-unknown-linux-gnueabi'
host_alias='armv6-unknown-linux-gnueabi'
host_cpu='armv6'
host_os='linux-gnueabi'
host_vendor='unknown'
htmldir='${docdir}'
includedir='${prefix}/include'
infodir='${datarootdir}/info'
install_sh='${SHELL} /home/alex/Work/OpenSource/jlibusb/libusb-1.0.18_hacked/install-sh'
libdir='${exec_prefix}/lib'
libexecdir='${exec_prefix}/libexec'
localedir='${datarootdir}/locale'
localstatedir='${prefix}/var'
mandir='${datarootdir}/man'
mkdir_p='/usr/bin/mkdir -p'
oldincludedir='/usr/include'
pdfdir='${docdir}'
prefix='/usr/local'
program_transform_name='s,x,x,'
psdir='${docdir}'
sbindir='${exec_prefix}/sbin'
sharedstatedir='${prefix}/com'
sysconfdir='${prefix}/etc'
target_alias=''

## ----------- ##
## confdefs.h. ##
## ----------- ##

/* confdefs.h */
#define PACKAGE_NAME "libusb"
#define PACKAGE_TARNAME "libusb"
#define PACKAGE_VERSION "1.0.18"
#define PACKAGE_STRING "libusb 1.0.18"
#define PACKAGE_BUGREPORT "libusb-devel@lists.sourceforge.net"
#define PACKAGE_URL "http://libusb.info"
#define PACKAGE "libusb"
#define VERSION "1.0.18"
#define STDC_HEADERS 1
#define HAVE_SYS_TYPES_H 1
#define HAVE_SYS_STAT_H 1
#define HAVE_STDLIB_H 1
#define HAVE_STRING_H 1
#define HAVE_MEMORY_H 1
#define HAVE_STRINGS_H 1
#define HAVE_INTTYPES_H 1
#define HAVE_STDINT_H 1
#define HAVE_UNISTD_H 1
#define HAVE_DLFCN_H 1
#define LT_OBJDIR ".libs/"
#define _GNU_SOURCE 1
#define OS_LINUX 1
#define HAVE_ASM_TYPES_H 1
#define HAVE_SYS_SOCKET_H 1
#define HAVE_LINUX_NETLINK_H 1
#define HAVE_LINUX_FILTER_H 1
#define HAVE_POLL_H 1
#define POLL_NFDS_TYPE nfds_t
#define THREADS_POSIX 1
#define USBI_TIMERFD_AVAILABLE 1
#define HAVE_STRUCT_TIMESPEC 1
#define ENABLE_LOGGING 1
#define HAVE_SYSLOG_H 1
#define HAVE_SYSLOG_FUNC 1
#define DEFAULT_VISIBILITY __attribute__((visibility("default")))
#define HAVE_SYS_TIME_H 1
#define HAVE_GETTIMEOFDAY 1
#define HAVE_SIGNAL_H 1

configure: exit 0
